<?xml version="1.0" encoding="UTF-8"?>
<!-- Generated by org.testng.reporters.JUnitReportReporter -->
<testsuite hostname="LAPTOP-EBJCUPO7" name="test.TC001" tests="1" failures="0" timestamp="6 Jul 2019 18:07:06 GMT" time="10.278" errors="0">
  <testcase name="SellMyCar" time="10.278" classname="test.TC001"/>
</testsuite> <!-- test.TC001 -->
