<?xml version="1.0" encoding="UTF-8"?>
<!-- Generated by org.testng.reporters.JUnitReportReporter -->
<testsuite hostname="LAPTOP-EBJCUPO7" name="test.TC005" tests="1" failures="0" timestamp="6 Jul 2019 18:07:06 GMT" time="17.385" errors="0">
  <testcase name="LinkCount" time="17.385" classname="test.TC005"/>
</testsuite> <!-- test.TC005 -->
