<?xml version="1.0" encoding="UTF-8"?>
<!-- Generated by org.testng.reporters.JUnitReportReporter -->
<testsuite hostname="LAPTOP-EBJCUPO7" name="test.TC002" tests="1" failures="0" timestamp="6 Jul 2019 18:07:06 GMT" time="21.678" errors="0">
  <testcase name="SignUp" time="21.678" classname="test.TC002"/>
</testsuite> <!-- test.TC002 -->
