<?xml version="1.0" encoding="UTF-8"?>
<!-- Generated by org.testng.reporters.JUnitReportReporter -->
<testsuite hostname="LAPTOP-EBJCUPO7" name="test.TC004" tests="1" failures="0" timestamp="6 Jul 2019 18:07:06 GMT" time="14.721" errors="0">
  <testcase name="ATLogo" time="14.721" classname="test.TC004"/>
</testsuite> <!-- test.TC004 -->
